<?xml version="1.0" encoding="UTF-8"?>
<testng-results ignored="0" total="1" passed="1" failed="0" skipped="0">
  <reporter-output>
  </reporter-output>
  <suite started-at="2022-10-05T12:00:20 IST" name="Default suite" finished-at="2022-10-05T12:00:43 IST" duration-ms="23074">
    <groups>
    </groups>
    <test started-at="2022-10-05T12:00:20 IST" name="Default test" finished-at="2022-10-05T12:00:43 IST" duration-ms="23074">
      <class name="Ecommerce_Site">
        <test-method signature="f()[pri:0, instance:Ecommerce_Site@58d75e99]" started-at="2022-10-05T12:00:20 IST" name="f" finished-at="2022-10-05T12:00:43 IST" duration-ms="23046" status="PASS">
          <reporter-output>
          </reporter-output>
        </test-method> <!-- f -->
      </class> <!-- Ecommerce_Site -->
    </test> <!-- Default test -->
  </suite> <!-- Default suite -->
</testng-results>
